mode: count
trainr360-infra/main.go:13.13,14.45 1 0
trainr360-infra/main.go:14.45,18.19 3 0
trainr360-infra/main.go:18.19,20.4 1 0
trainr360-infra/main.go:23.3,24.30 2 0
trainr360-infra/main.go:24.30,26.4 1 0
trainr360-infra/main.go:29.3,32.17 2 0
trainr360-infra/main.go:32.17,34.4 1 0
trainr360-infra/main.go:37.3,50.17 4 0
trainr360-infra/main.go:50.17,52.4 1 0
trainr360-infra/main.go:55.3,66.17 2 0
trainr360-infra/main.go:66.17,68.4 1 0
trainr360-infra/main.go:71.3,80.17 2 0
trainr360-infra/main.go:80.17,82.4 1 0
trainr360-infra/main.go:85.3,98.17 2 0
trainr360-infra/main.go:98.17,100.4 1 0
trainr360-infra/main.go:102.3,115.17 2 0
trainr360-infra/main.go:115.17,117.4 1 0
trainr360-infra/main.go:120.3,132.17 2 0
trainr360-infra/main.go:132.17,134.4 1 0
trainr360-infra/main.go:136.3,148.17 2 0
trainr360-infra/main.go:148.17,150.4 1 0
trainr360-infra/main.go:153.3,163.17 2 0
trainr360-infra/main.go:163.17,165.4 1 0
trainr360-infra/main.go:168.3,173.17 2 0
trainr360-infra/main.go:173.17,175.4 1 0
trainr360-infra/main.go:178.3,182.17 2 0
trainr360-infra/main.go:182.17,184.4 1 0
trainr360-infra/main.go:186.3,190.17 2 0
trainr360-infra/main.go:190.17,192.4 1 0
trainr360-infra/main.go:195.3,205.17 2 0
trainr360-infra/main.go:205.17,207.4 1 0
trainr360-infra/main.go:210.3,214.17 2 0
trainr360-infra/main.go:214.17,216.4 1 0
trainr360-infra/main.go:218.3,222.17 2 0
trainr360-infra/main.go:222.17,224.4 1 0
trainr360-infra/main.go:227.3,247.13 11 0
